<?xml version="1.0" encoding="UTF-8"?>
<testsuite xmlns:xsi="http://www.w3.org/2001/XMLSchema-instance" xsi:noNamespaceSchemaLocation="https://maven.apache.org/surefire/maven-surefire-plugin/xsd/surefire-test-report-3.0.xsd" version="3.0" name="com.helixdb.storage.DiskManagerTest" time="0.116" tests="11" errors="0" skipped="0" failures="0">
  <properties>
[...]
</properties>
  <testcase name="constructor_createsDbAndWalFiles" classname="com.helixdb.storage.DiskManagerTest" time="0.019"/>
  <testcase name="flushMethods_acceptValidOperations" classname="com.helixdb.storage.DiskManagerTest" time="0.013"/>
  <testcase name="reopen_existingDbRestoresAllocatedPageCount" classname="com.helixdb.storage.DiskManagerTest" time="0.012"/>
  <testcase name="toString_includesPageAndSizeSummary" classname="com.helixdb.storage.DiskManagerTest" time="0.007"/>
  <testcase name="appendLogRecord_returnsMonotonicLsnsAndTracksWalSize" classname="com.helixdb.storage.DiskManagerTest" time="0.008"/>
  <testcase name="writeAndReadPage_roundTripsBytesExactly" classname="com.helixdb.storage.DiskManagerTest" time="0.007"/>
  <testcase name="allocatePage_returnsSequentialIdsAndGrowsFile" classname="com.helixdb.storage.DiskManagerTest" time="0.01"/>
  <testcase name="writePage_validatesInputArguments" classname="com.helixdb.storage.DiskManagerTest" time="0.01"/>
  <testcase name="constructor_rejectsNullOrEmptyName" classname="com.helixdb.storage.DiskManagerTest" time="0.007"/>
  <testcase name="readPage_validatesInputAndMissingPageRange" classname="com.helixdb.storage.DiskManagerTest" time="0.006"/>
  <testcase name="appendLogRecord_rejectsNullInput" classname="com.helixdb.storage.DiskManagerTest" time="0.008"/>
</testsuite>